<?xml version="1.0" encoding="UTF-8"?>
<!-- Generated by org.testng.reporters.JUnitReportReporter -->
<testsuite hostname="Abhishek" failures="0" tests="1" name="testCases.TC_002_LoginTest" time="2.170" errors="0" timestamp="2024-12-25T23:45:01 IST" skipped="0">
  <testcase classname="testCases.TC_002_LoginTest" name="verifylogin" time="2.170"/>
</testsuite> <!-- testCases.TC_002_LoginTest -->
