<?xml version="1.0" encoding="UTF-8"?>
<!-- Generated by org.testng.reporters.JUnitReportReporter -->
<testsuite hostname="Abhishek" failures="0" tests="2" name="testCases.TC_001_AccountRegistration" time="5.924" errors="0" timestamp="2025-01-11T11:13:38 IST" skipped="0">
  <testcase classname="testCases.TC_001_AccountRegistration" name="accountRegistion" time="3.170"/>
  <testcase classname="testCases.TC_001_AccountRegistration" name="accountRegistion" time="2.754"/>
</testsuite> <!-- testCases.TC_001_AccountRegistration -->
