<?xml version="1.0" encoding="UTF-8"?>
<!-- Generated by org.testng.reporters.JUnitReportReporter -->
<testsuite hostname="Abhishek" failures="0" tests="2" name="testCases.TC_001_AccountRegistration" time="5.584" errors="0" timestamp="2025-01-11T12:39:14 IST" skipped="0">
  <testcase classname="testCases.TC_001_AccountRegistration" name="accountRegistion" time="2.960"/>
  <testcase classname="testCases.TC_001_AccountRegistration" name="accountRegistion" time="2.624"/>
</testsuite> <!-- testCases.TC_001_AccountRegistration -->
