<?xml version="1.0" encoding="UTF-8"?>
<!-- Generated by org.testng.reporters.JUnitReportReporter -->
<testsuite hostname="Abhishek" failures="0" tests="2" name="testCases.TC_002_LoginTest" time="3.483" errors="0" timestamp="2025-01-11T12:39:14 IST" skipped="0">
  <testcase classname="testCases.TC_002_LoginTest" name="verifylogin" time="1.713"/>
  <testcase classname="testCases.TC_002_LoginTest" name="verifylogin" time="1.770"/>
</testsuite> <!-- testCases.TC_002_LoginTest -->
